2025-04-19 20:41:42,932 - INFO - Successfully loaded data from combined.xlsx
2025-04-19 20:41:42,939 - INFO - Scheduled lunch on Monday at 13:00-14:00
2025-04-19 20:41:42,939 - INFO - Scheduled lunch on Tuesday at 13:30-14:30
2025-04-19 20:41:42,939 - INFO - Scheduled lunch on Wednesday at 13:00-14:00
2025-04-19 20:41:42,944 - INFO - Scheduled lunch on Thursday at 13:00-14:00
2025-04-19 20:41:42,945 - INFO - Scheduled lunch on Friday at 13:30-14:30
2025-04-19 20:41:42,945 - INFO - Scheduled lunch on Monday at 13:00-14:00
2025-04-19 20:41:42,945 - INFO - Scheduled lunch on Tuesday at 12:30-13:30
2025-04-19 20:41:42,945 - INFO - Scheduled lunch on Wednesday at 13:00-14:00
2025-04-19 20:41:42,945 - INFO - Scheduled lunch on Thursday at 13:00-14:00
2025-04-19 20:41:42,945 - INFO - Scheduled lunch on Friday at 13:00-14:00
2025-04-19 20:41:42,945 - INFO - Scheduled lunch on Monday at 13:00-14:00
2025-04-19 20:41:42,945 - INFO - Scheduled lunch on Tuesday at 13:30-14:30
2025-04-19 20:41:42,945 - INFO - Scheduled lunch on Wednesday at 13:00-14:00
2025-04-19 20:41:42,947 - INFO - Scheduled lunch on Thursday at 13:30-14:30
2025-04-19 20:41:42,947 - INFO - Scheduled lunch on Friday at 13:30-14:30
2025-04-19 20:41:42,947 - INFO - Scheduled lunch on Monday at 12:30-13:30
2025-04-19 20:41:42,948 - INFO - Scheduled lunch on Tuesday at 13:00-14:00
2025-04-19 20:41:42,948 - INFO - Scheduled lunch on Wednesday at 13:00-14:00
2025-04-19 20:41:42,950 - INFO - Scheduled lunch on Thursday at 13:30-14:30
2025-04-19 20:41:42,950 - INFO - Scheduled lunch on Friday at 12:30-13:30
2025-04-19 20:41:42,950 - INFO - Scheduled lunch on Monday at 13:00-14:00
2025-04-19 20:41:42,950 - INFO - Scheduled lunch on Tuesday at 13:00-14:00
2025-04-19 20:41:42,950 - INFO - Scheduled lunch on Wednesday at 13:30-14:30
2025-04-19 20:41:42,950 - INFO - Scheduled lunch on Thursday at 13:30-14:30
2025-04-19 20:41:42,950 - INFO - Scheduled lunch on Friday at 13:00-14:00
2025-04-19 20:41:42,950 - INFO - Scheduled lunch on Monday at 13:00-14:00
2025-04-19 20:41:42,952 - INFO - Scheduled lunch on Tuesday at 13:00-14:00
2025-04-19 20:41:42,952 - INFO - Scheduled lunch on Wednesday at 13:00-14:00
2025-04-19 20:41:42,952 - INFO - Scheduled lunch on Thursday at 12:30-13:30
2025-04-19 20:41:42,953 - INFO - Scheduled lunch on Friday at 13:30-14:30
2025-04-19 20:41:42,953 - INFO - Scheduled lunch on Monday at 12:30-13:30
2025-04-19 20:41:42,953 - INFO - Scheduled lunch on Tuesday at 12:30-13:30
2025-04-19 20:41:42,953 - INFO - Scheduled lunch on Wednesday at 13:00-14:00
2025-04-19 20:41:42,953 - INFO - Scheduled lunch on Thursday at 13:00-14:00
2025-04-19 20:41:42,953 - INFO - Scheduled lunch on Friday at 12:30-13:30
2025-04-19 20:41:42,955 - INFO - Scheduled lunch on Monday at 13:30-14:30
2025-04-19 20:41:42,955 - INFO - Scheduled lunch on Tuesday at 13:30-14:30
2025-04-19 20:41:42,955 - INFO - Scheduled lunch on Wednesday at 13:30-14:30
2025-04-19 20:41:42,957 - INFO - Scheduled lunch on Thursday at 13:00-14:00
2025-04-19 20:41:42,980 - INFO - Scheduled lunch on Friday at 12:30-13:30
2025-04-19 20:41:42,980 - INFO - Scheduled lunch on Monday at 12:30-13:30
2025-04-19 20:41:42,980 - INFO - Scheduled lunch on Tuesday at 13:30-14:30
2025-04-19 20:41:42,982 - INFO - Scheduled lunch on Wednesday at 13:00-14:00
2025-04-19 20:41:42,983 - INFO - Scheduled lunch on Thursday at 13:30-14:30
2025-04-19 20:41:42,996 - INFO - Scheduled lunch on Friday at 12:30-13:30
2025-04-19 20:41:42,998 - INFO - Scheduled lunch on Monday at 13:30-14:30
2025-04-19 20:41:42,998 - INFO - Scheduled lunch on Tuesday at 13:00-14:00
2025-04-19 20:41:43,000 - INFO - Scheduled lunch on Wednesday at 13:30-14:30
2025-04-19 20:41:43,000 - INFO - Scheduled lunch on Thursday at 12:30-13:30
2025-04-19 20:41:43,000 - INFO - Scheduled lunch on Friday at 13:00-14:00
2025-04-19 20:41:43,000 - INFO - Scheduled lunch on Monday at 12:30-13:30
2025-04-19 20:41:43,000 - INFO - Scheduled lunch on Tuesday at 13:00-14:00
2025-04-19 20:41:43,002 - INFO - Scheduled lunch on Wednesday at 12:30-13:30
2025-04-19 20:41:43,002 - INFO - Scheduled lunch on Thursday at 13:00-14:00
2025-04-19 20:41:43,002 - INFO - Scheduled lunch on Friday at 13:30-14:30
2025-04-19 20:41:43,002 - INFO - Scheduled lunch on Monday at 12:30-13:30
2025-04-19 20:41:43,002 - INFO - Scheduled lunch on Tuesday at 12:30-13:30
2025-04-19 20:41:43,002 - INFO - Scheduled lunch on Wednesday at 13:30-14:30
2025-04-19 20:41:43,002 - INFO - Scheduled lunch on Thursday at 12:30-13:30
2025-04-19 20:41:43,002 - INFO - Scheduled lunch on Friday at 13:30-14:30
2025-04-19 20:41:43,002 - INFO - Scheduled lunch on Monday at 13:30-14:30
2025-04-19 20:41:43,002 - INFO - Scheduled lunch on Tuesday at 12:30-13:30
2025-04-19 20:41:43,002 - INFO - Scheduled lunch on Wednesday at 13:00-14:00
2025-04-19 20:41:43,002 - INFO - Scheduled lunch on Thursday at 13:00-14:00
2025-04-19 20:41:43,002 - INFO - Scheduled lunch on Friday at 12:30-13:30
2025-04-19 20:41:43,002 - INFO - Scheduled lunch on Monday at 13:30-14:30
2025-04-19 20:41:43,006 - INFO - Scheduled lunch on Tuesday at 12:30-13:30
2025-04-19 20:41:43,006 - INFO - Scheduled lunch on Wednesday at 13:00-14:00
2025-04-19 20:41:43,006 - INFO - Scheduled lunch on Thursday at 13:30-14:30
2025-04-19 20:41:43,006 - INFO - Scheduled lunch on Friday at 12:30-13:30
2025-04-19 20:41:43,770 - INFO - Timetables saved to timetables_no_electives.xlsx
2025-04-21 02:17:50,007 - INFO - Successfully loaded data from combined.xlsx
2025-04-21 02:17:50,026 - INFO - Scheduled lunch on Monday at 13:00-14:00
2025-04-21 02:17:50,026 - INFO - Scheduled lunch on Tuesday at 13:30-14:30
2025-04-21 02:17:50,026 - INFO - Scheduled lunch on Wednesday at 13:00-14:00
2025-04-21 02:17:50,026 - INFO - Scheduled lunch on Thursday at 13:30-14:30
2025-04-21 02:17:50,027 - INFO - Scheduled lunch on Friday at 12:30-13:30
2025-04-21 02:17:50,027 - INFO - Scheduled lunch on Monday at 13:30-14:30
2025-04-21 02:17:50,027 - INFO - Scheduled lunch on Tuesday at 12:30-13:30
2025-04-21 02:17:50,027 - INFO - Scheduled lunch on Wednesday at 13:30-14:30
2025-04-21 02:17:50,028 - INFO - Scheduled lunch on Thursday at 12:30-13:30
2025-04-21 02:17:50,028 - INFO - Scheduled lunch on Friday at 12:30-13:30
2025-04-21 02:17:50,028 - INFO - Scheduled lunch on Monday at 12:30-13:30
2025-04-21 02:17:50,028 - INFO - Scheduled lunch on Tuesday at 12:30-13:30
2025-04-21 02:17:50,029 - INFO - Scheduled lunch on Wednesday at 13:30-14:30
2025-04-21 02:17:50,029 - INFO - Scheduled lunch on Thursday at 13:00-14:00
2025-04-21 02:17:50,029 - INFO - Scheduled lunch on Friday at 12:30-13:30
2025-04-21 02:17:50,029 - INFO - Scheduled lunch on Monday at 12:30-13:30
2025-04-21 02:17:50,029 - INFO - Scheduled lunch on Tuesday at 12:30-13:30
2025-04-21 02:17:50,029 - INFO - Scheduled lunch on Wednesday at 12:30-13:30
2025-04-21 02:17:50,030 - INFO - Scheduled lunch on Thursday at 13:00-14:00
2025-04-21 02:17:50,030 - INFO - Scheduled lunch on Friday at 12:30-13:30
2025-04-21 02:17:50,030 - INFO - Scheduled lunch on Monday at 12:30-13:30
2025-04-21 02:17:50,030 - INFO - Scheduled lunch on Tuesday at 12:30-13:30
2025-04-21 02:17:50,030 - INFO - Scheduled lunch on Wednesday at 13:00-14:00
2025-04-21 02:17:50,030 - INFO - Scheduled lunch on Thursday at 13:00-14:00
2025-04-21 02:17:50,030 - INFO - Scheduled lunch on Friday at 13:30-14:30
2025-04-21 02:17:50,031 - INFO - Scheduled lunch on Monday at 13:30-14:30
2025-04-21 02:17:50,031 - INFO - Scheduled lunch on Tuesday at 12:30-13:30
2025-04-21 02:17:50,031 - INFO - Scheduled lunch on Wednesday at 13:00-14:00
2025-04-21 02:17:50,031 - INFO - Scheduled lunch on Thursday at 13:00-14:00
2025-04-21 02:17:50,031 - INFO - Scheduled lunch on Friday at 13:30-14:30
2025-04-21 02:17:50,032 - INFO - Scheduled lunch on Monday at 13:30-14:30
2025-04-21 02:17:50,032 - INFO - Scheduled lunch on Tuesday at 12:30-13:30
2025-04-21 02:17:50,032 - INFO - Scheduled lunch on Wednesday at 12:30-13:30
2025-04-21 02:17:50,032 - INFO - Scheduled lunch on Thursday at 13:30-14:30
2025-04-21 02:17:50,033 - INFO - Scheduled lunch on Friday at 13:00-14:00
2025-04-21 02:17:50,034 - INFO - Scheduled lunch on Monday at 12:30-13:30
2025-04-21 02:17:50,034 - INFO - Scheduled lunch on Tuesday at 12:30-13:30
2025-04-21 02:17:50,034 - INFO - Scheduled lunch on Wednesday at 13:30-14:30
2025-04-21 02:17:50,034 - INFO - Scheduled lunch on Thursday at 13:00-14:00
2025-04-21 02:17:50,035 - INFO - Scheduled lunch on Friday at 12:30-13:30
2025-04-21 02:17:50,035 - INFO - Scheduled lunch on Monday at 12:30-13:30
2025-04-21 02:17:50,035 - INFO - Scheduled lunch on Tuesday at 12:30-13:30
2025-04-21 02:17:50,035 - INFO - Scheduled lunch on Wednesday at 13:30-14:30
2025-04-21 02:17:50,035 - INFO - Scheduled lunch on Thursday at 13:30-14:30
2025-04-21 02:17:50,035 - INFO - Scheduled lunch on Friday at 13:00-14:00
2025-04-21 02:17:50,036 - INFO - Scheduled lunch on Monday at 13:00-14:00
2025-04-21 02:17:50,036 - INFO - Scheduled lunch on Tuesday at 12:30-13:30
2025-04-21 02:17:50,036 - INFO - Scheduled lunch on Wednesday at 13:00-14:00
2025-04-21 02:17:50,036 - INFO - Scheduled lunch on Thursday at 12:30-13:30
2025-04-21 02:17:50,036 - INFO - Scheduled lunch on Friday at 12:30-13:30
2025-04-21 02:17:50,037 - INFO - Scheduled lunch on Monday at 12:30-13:30
2025-04-21 02:17:50,037 - INFO - Scheduled lunch on Tuesday at 13:30-14:30
2025-04-21 02:17:50,037 - INFO - Scheduled lunch on Wednesday at 12:30-13:30
2025-04-21 02:17:50,038 - INFO - Scheduled lunch on Thursday at 12:30-13:30
2025-04-21 02:17:50,038 - INFO - Scheduled lunch on Friday at 12:30-13:30
2025-04-21 02:17:50,038 - INFO - Scheduled lunch on Monday at 13:00-14:00
2025-04-21 02:17:50,038 - INFO - Scheduled lunch on Tuesday at 12:30-13:30
2025-04-21 02:17:50,038 - INFO - Scheduled lunch on Wednesday at 13:00-14:00
2025-04-21 02:17:50,039 - INFO - Scheduled lunch on Thursday at 13:00-14:00
2025-04-21 02:17:50,039 - INFO - Scheduled lunch on Friday at 12:30-13:30
2025-04-21 02:17:50,039 - INFO - Scheduled lunch on Monday at 13:30-14:30
2025-04-21 02:17:50,039 - INFO - Scheduled lunch on Tuesday at 13:00-14:00
2025-04-21 02:17:50,039 - INFO - Scheduled lunch on Wednesday at 13:00-14:00
2025-04-21 02:17:50,040 - INFO - Scheduled lunch on Thursday at 13:00-14:00
2025-04-21 02:17:50,040 - INFO - Scheduled lunch on Friday at 12:30-13:30
2025-04-21 02:17:50,040 - INFO - Scheduled lunch on Monday at 13:30-14:30
2025-04-21 02:17:50,040 - INFO - Scheduled lunch on Tuesday at 13:30-14:30
2025-04-21 02:17:50,040 - INFO - Scheduled lunch on Wednesday at 13:30-14:30
2025-04-21 02:17:50,040 - INFO - Scheduled lunch on Thursday at 12:30-13:30
2025-04-21 02:17:50,041 - INFO - Scheduled lunch on Friday at 13:00-14:00
2025-04-21 02:17:50,509 - INFO - Timetables saved to timetables_no_electives.xlsx
2025-04-21 02:33:00,837 - INFO - Successfully loaded data from combined.xlsx
2025-04-21 02:33:00,853 - INFO - Scheduled lunch on Monday at 13:30-14:30
2025-04-21 02:33:00,853 - INFO - Scheduled lunch on Tuesday at 13:00-14:00
2025-04-21 02:33:00,853 - INFO - Scheduled lunch on Wednesday at 13:00-14:00
2025-04-21 02:33:00,853 - INFO - Scheduled lunch on Thursday at 13:00-14:00
2025-04-21 02:33:00,853 - INFO - Scheduled lunch on Friday at 13:00-14:00
2025-04-21 02:33:00,853 - INFO - Scheduled lunch on Monday at 13:30-14:30
2025-04-21 02:33:00,853 - INFO - Scheduled lunch on Tuesday at 13:00-14:00
2025-04-21 02:33:00,869 - INFO - Scheduled lunch on Wednesday at 13:00-14:00
2025-04-21 02:33:00,869 - INFO - Scheduled lunch on Thursday at 13:30-14:30
2025-04-21 02:33:00,869 - INFO - Scheduled lunch on Friday at 12:30-13:30
2025-04-21 02:33:00,869 - INFO - Scheduled lunch on Monday at 13:00-14:00
2025-04-21 02:33:00,869 - INFO - Scheduled lunch on Tuesday at 12:30-13:30
2025-04-21 02:33:00,870 - INFO - Scheduled lunch on Wednesday at 13:00-14:00
2025-04-21 02:33:00,870 - INFO - Scheduled lunch on Thursday at 13:30-14:30
2025-04-21 02:33:00,870 - INFO - Scheduled lunch on Friday at 12:30-13:30
2025-04-21 02:33:00,870 - INFO - Scheduled lunch on Monday at 13:30-14:30
2025-04-21 02:33:00,871 - INFO - Scheduled lunch on Tuesday at 13:00-14:00
2025-04-21 02:33:00,871 - INFO - Scheduled lunch on Wednesday at 13:30-14:30
2025-04-21 02:33:00,871 - INFO - Scheduled lunch on Thursday at 13:00-14:00
2025-04-21 02:33:00,871 - INFO - Scheduled lunch on Friday at 13:30-14:30
2025-04-21 02:33:00,871 - INFO - Scheduled lunch on Monday at 13:00-14:00
2025-04-21 02:33:00,871 - INFO - Scheduled lunch on Tuesday at 13:00-14:00
2025-04-21 02:33:00,872 - INFO - Scheduled lunch on Wednesday at 12:30-13:30
2025-04-21 02:33:00,872 - INFO - Scheduled lunch on Thursday at 13:30-14:30
2025-04-21 02:33:00,872 - INFO - Scheduled lunch on Friday at 13:30-14:30
2025-04-21 02:33:00,873 - INFO - Scheduled lunch on Monday at 13:30-14:30
2025-04-21 02:33:00,873 - INFO - Scheduled lunch on Tuesday at 12:30-13:30
2025-04-21 02:33:00,873 - INFO - Scheduled lunch on Wednesday at 12:30-13:30
2025-04-21 02:33:00,873 - INFO - Scheduled lunch on Thursday at 12:30-13:30
2025-04-21 02:33:00,874 - INFO - Scheduled lunch on Friday at 12:30-13:30
2025-04-21 02:33:00,874 - INFO - Scheduled lunch on Monday at 13:00-14:00
2025-04-21 02:33:00,874 - INFO - Scheduled lunch on Tuesday at 13:00-14:00
2025-04-21 02:33:00,876 - INFO - Scheduled lunch on Wednesday at 13:00-14:00
2025-04-21 02:33:00,876 - INFO - Scheduled lunch on Thursday at 13:00-14:00
2025-04-21 02:33:00,876 - INFO - Scheduled lunch on Friday at 13:00-14:00
2025-04-21 02:33:00,878 - INFO - Scheduled lunch on Monday at 13:30-14:30
2025-04-21 02:33:00,878 - INFO - Scheduled lunch on Tuesday at 13:30-14:30
2025-04-21 02:33:00,878 - INFO - Scheduled lunch on Wednesday at 13:00-14:00
2025-04-21 02:33:00,878 - INFO - Scheduled lunch on Thursday at 13:30-14:30
2025-04-21 02:33:00,878 - INFO - Scheduled lunch on Friday at 12:30-13:30
2025-04-21 02:33:00,879 - INFO - Scheduled lunch on Monday at 13:30-14:30
2025-04-21 02:33:00,879 - INFO - Scheduled lunch on Tuesday at 13:30-14:30
2025-04-21 02:33:00,879 - INFO - Scheduled lunch on Wednesday at 12:30-13:30
2025-04-21 02:33:00,879 - INFO - Scheduled lunch on Thursday at 13:00-14:00
2025-04-21 02:33:00,880 - INFO - Scheduled lunch on Friday at 12:30-13:30
2025-04-21 02:33:00,880 - INFO - Scheduled lunch on Monday at 13:30-14:30
2025-04-21 02:33:00,880 - INFO - Scheduled lunch on Tuesday at 13:00-14:00
2025-04-21 02:33:00,880 - INFO - Scheduled lunch on Wednesday at 13:30-14:30
2025-04-21 02:33:00,880 - INFO - Scheduled lunch on Thursday at 13:30-14:30
2025-04-21 02:33:00,881 - INFO - Scheduled lunch on Friday at 12:30-13:30
2025-04-21 02:33:00,881 - INFO - Scheduled lunch on Monday at 13:00-14:00
2025-04-21 02:33:00,882 - INFO - Scheduled lunch on Tuesday at 12:30-13:30
2025-04-21 02:33:00,882 - INFO - Scheduled lunch on Wednesday at 12:30-13:30
2025-04-21 02:33:00,882 - INFO - Scheduled lunch on Thursday at 13:30-14:30
2025-04-21 02:33:00,883 - INFO - Scheduled lunch on Friday at 12:30-13:30
2025-04-21 02:33:00,883 - INFO - Scheduled lunch on Monday at 12:30-13:30
2025-04-21 02:33:00,883 - INFO - Scheduled lunch on Tuesday at 12:30-13:30
2025-04-21 02:33:00,883 - INFO - Scheduled lunch on Wednesday at 13:00-14:00
2025-04-21 02:33:00,884 - INFO - Scheduled lunch on Thursday at 13:00-14:00
2025-04-21 02:33:00,884 - INFO - Scheduled lunch on Friday at 12:30-13:30
2025-04-21 02:33:00,884 - INFO - Scheduled lunch on Monday at 13:30-14:30
2025-04-21 02:33:00,884 - INFO - Scheduled lunch on Tuesday at 12:30-13:30
2025-04-21 02:33:00,886 - INFO - Scheduled lunch on Wednesday at 12:30-13:30
2025-04-21 02:33:00,886 - INFO - Scheduled lunch on Thursday at 13:30-14:30
2025-04-21 02:33:00,886 - INFO - Scheduled lunch on Friday at 13:00-14:00
2025-04-21 02:33:00,886 - INFO - Scheduled lunch on Monday at 13:30-14:30
2025-04-21 02:33:00,886 - INFO - Scheduled lunch on Tuesday at 13:00-14:00
2025-04-21 02:33:00,887 - INFO - Scheduled lunch on Wednesday at 12:30-13:30
2025-04-21 02:33:00,887 - INFO - Scheduled lunch on Thursday at 12:30-13:30
2025-04-21 02:33:00,887 - INFO - Scheduled lunch on Friday at 13:00-14:00
2025-04-21 02:33:01,303 - INFO - Timetables saved to timetables_no_electives.xlsx
2025-04-22 15:04:05,174 - INFO - Successfully loaded data from combined.xlsx
2025-04-22 15:04:05,191 - INFO - Scheduled lunch on Monday at 13:00-14:00
2025-04-22 15:04:05,191 - INFO - Scheduled lunch on Tuesday at 13:00-14:00
2025-04-22 15:04:05,193 - INFO - Scheduled lunch on Wednesday at 12:30-13:30
2025-04-22 15:04:05,193 - INFO - Scheduled lunch on Thursday at 13:30-14:30
2025-04-22 15:04:05,193 - INFO - Scheduled lunch on Friday at 13:30-14:30
2025-04-22 15:04:05,194 - INFO - Scheduled lunch on Monday at 13:30-14:30
2025-04-22 15:04:05,194 - INFO - Scheduled lunch on Tuesday at 13:30-14:30
2025-04-22 15:04:05,195 - INFO - Scheduled lunch on Wednesday at 13:30-14:30
2025-04-22 15:04:05,195 - INFO - Scheduled lunch on Thursday at 13:00-14:00
2025-04-22 15:04:05,195 - INFO - Scheduled lunch on Friday at 12:30-13:30
2025-04-22 15:04:05,195 - INFO - Scheduled lunch on Monday at 13:00-14:00
2025-04-22 15:04:05,195 - INFO - Scheduled lunch on Tuesday at 13:00-14:00
2025-04-22 15:04:05,195 - INFO - Scheduled lunch on Wednesday at 13:30-14:30
2025-04-22 15:04:05,195 - INFO - Scheduled lunch on Thursday at 13:00-14:00
2025-04-22 15:04:05,195 - INFO - Scheduled lunch on Friday at 13:00-14:00
2025-04-22 15:04:05,197 - INFO - Scheduled lunch on Monday at 13:30-14:30
2025-04-22 15:04:05,197 - INFO - Scheduled lunch on Tuesday at 13:00-14:00
2025-04-22 15:04:05,197 - INFO - Scheduled lunch on Wednesday at 12:30-13:30
2025-04-22 15:04:05,197 - INFO - Scheduled lunch on Thursday at 13:00-14:00
2025-04-22 15:04:05,197 - INFO - Scheduled lunch on Friday at 13:30-14:30
2025-04-22 15:04:05,197 - INFO - Scheduled lunch on Monday at 13:00-14:00
2025-04-22 15:04:05,197 - INFO - Scheduled lunch on Tuesday at 13:00-14:00
2025-04-22 15:04:05,197 - INFO - Scheduled lunch on Wednesday at 12:30-13:30
2025-04-22 15:04:05,197 - INFO - Scheduled lunch on Thursday at 13:00-14:00
2025-04-22 15:04:05,197 - INFO - Scheduled lunch on Friday at 12:30-13:30
2025-04-22 15:04:05,197 - INFO - Scheduled lunch on Monday at 13:30-14:30
2025-04-22 15:04:05,197 - INFO - Scheduled lunch on Tuesday at 13:30-14:30
2025-04-22 15:04:05,197 - INFO - Scheduled lunch on Wednesday at 13:30-14:30
2025-04-22 15:04:05,197 - INFO - Scheduled lunch on Thursday at 13:30-14:30
2025-04-22 15:04:05,197 - INFO - Scheduled lunch on Friday at 13:30-14:30
2025-04-22 15:04:05,200 - INFO - Scheduled lunch on Monday at 13:30-14:30
2025-04-22 15:04:05,200 - INFO - Scheduled lunch on Tuesday at 12:30-13:30
2025-04-22 15:04:05,201 - INFO - Scheduled lunch on Wednesday at 12:30-13:30
2025-04-22 15:04:05,201 - INFO - Scheduled lunch on Thursday at 13:30-14:30
2025-04-22 15:04:05,201 - INFO - Scheduled lunch on Friday at 13:00-14:00
2025-04-22 15:04:05,201 - INFO - Scheduled lunch on Monday at 12:30-13:30
2025-04-22 15:04:05,201 - INFO - Scheduled lunch on Tuesday at 13:30-14:30
2025-04-22 15:04:05,201 - INFO - Scheduled lunch on Wednesday at 13:00-14:00
2025-04-22 15:04:05,201 - INFO - Scheduled lunch on Thursday at 12:30-13:30
2025-04-22 15:04:05,201 - INFO - Scheduled lunch on Friday at 13:00-14:00
2025-04-22 15:04:05,201 - INFO - Scheduled lunch on Monday at 13:30-14:30
2025-04-22 15:04:05,201 - INFO - Scheduled lunch on Tuesday at 13:00-14:00
2025-04-22 15:04:05,201 - INFO - Scheduled lunch on Wednesday at 13:00-14:00
2025-04-22 15:04:05,201 - INFO - Scheduled lunch on Thursday at 13:00-14:00
2025-04-22 15:04:05,201 - INFO - Scheduled lunch on Friday at 12:30-13:30
2025-04-22 15:04:05,205 - INFO - Scheduled lunch on Monday at 13:30-14:30
2025-04-22 15:04:05,205 - INFO - Scheduled lunch on Tuesday at 12:30-13:30
2025-04-22 15:04:05,205 - INFO - Scheduled lunch on Wednesday at 12:30-13:30
2025-04-22 15:04:05,205 - INFO - Scheduled lunch on Thursday at 13:30-14:30
2025-04-22 15:04:05,205 - INFO - Scheduled lunch on Friday at 12:30-13:30
2025-04-22 15:04:05,205 - INFO - Scheduled lunch on Monday at 12:30-13:30
2025-04-22 15:04:05,205 - INFO - Scheduled lunch on Tuesday at 12:30-13:30
2025-04-22 15:04:05,205 - INFO - Scheduled lunch on Wednesday at 13:00-14:00
2025-04-22 15:04:05,205 - INFO - Scheduled lunch on Thursday at 13:30-14:30
2025-04-22 15:04:05,205 - INFO - Scheduled lunch on Friday at 13:00-14:00
2025-04-22 15:04:05,205 - INFO - Scheduled lunch on Monday at 12:30-13:30
2025-04-22 15:04:05,205 - INFO - Scheduled lunch on Tuesday at 13:30-14:30
2025-04-22 15:04:05,205 - INFO - Scheduled lunch on Wednesday at 13:00-14:00
2025-04-22 15:04:05,205 - INFO - Scheduled lunch on Thursday at 12:30-13:30
2025-04-22 15:04:05,205 - INFO - Scheduled lunch on Friday at 13:00-14:00
2025-04-22 15:04:05,205 - INFO - Scheduled lunch on Monday at 13:00-14:00
2025-04-22 15:04:05,205 - INFO - Scheduled lunch on Tuesday at 13:00-14:00
2025-04-22 15:04:05,205 - INFO - Scheduled lunch on Wednesday at 13:30-14:30
2025-04-22 15:04:05,205 - INFO - Scheduled lunch on Thursday at 13:00-14:00
2025-04-22 15:04:05,205 - INFO - Scheduled lunch on Friday at 13:00-14:00
2025-04-22 15:04:05,205 - INFO - Scheduled lunch on Monday at 13:30-14:30
2025-04-22 15:04:05,205 - INFO - Scheduled lunch on Tuesday at 13:30-14:30
2025-04-22 15:04:05,212 - INFO - Scheduled lunch on Wednesday at 13:00-14:00
2025-04-22 15:04:05,212 - INFO - Scheduled lunch on Thursday at 13:30-14:30
2025-04-22 15:04:05,212 - INFO - Scheduled lunch on Friday at 12:30-13:30
2025-04-22 15:04:05,602 - INFO - Timetables saved to timetables_no_electives.xlsx
